{"H:\\Users\\let_l\\sap003-git\\SAP003-md-links\\lib\\index.js": {"path":"H:\\Users\\let_l\\sap003-git\\SAP003-md-links\\lib\\index.js","statementMap":{"0":{"start":{"line":1,"column":11},"end":{"line":1,"column":24}},"1":{"start":{"line":3,"column":16},"end":{"line":25,"column":1}},"2":{"start":{"line":4,"column":16},"end":{"line":4,"column":37}},"3":{"start":{"line":5,"column":20},"end":{"line":5,"column":24}},"4":{"start":{"line":6,"column":20},"end":{"line":6,"column":24}},"5":{"start":{"line":7,"column":2},"end":{"line":24,"column":5}},"6":{"start":{"line":8,"column":4},"end":{"line":23,"column":7}},"7":{"start":{"line":9,"column":6},"end":{"line":22,"column":7}},"8":{"start":{"line":10,"column":8},"end":{"line":10,"column":46}},"9":{"start":{"line":13,"column":20},"end":{"line":13,"column":37}},"10":{"start":{"line":14,"column":23},"end":{"line":20,"column":10}},"11":{"start":{"line":15,"column":26},"end":{"line":15,"column":40}},"12":{"start":{"line":16,"column":23},"end":{"line":16,"column":56}},"13":{"start":{"line":17,"column":23},"end":{"line":17,"column":56}},"14":{"start":{"line":19,"column":10},"end":{"line":19,"column":32}},"15":{"start":{"line":21,"column":8},"end":{"line":21,"column":24}},"16":{"start":{"line":26,"column":0},"end":{"line":26,"column":25}}},"fnMap":{"0":{"name":"(anonymous_0)","decl":{"start":{"line":3,"column":16},"end":{"line":3,"column":17}},"loc":{"start":{"line":3,"column":26},"end":{"line":25,"column":1}},"line":3},"1":{"name":"(anonymous_1)","decl":{"start":{"line":7,"column":21},"end":{"line":7,"column":22}},"loc":{"start":{"line":7,"column":42},"end":{"line":24,"column":3}},"line":7},"2":{"name":"(anonymous_2)","decl":{"start":{"line":8,"column":31},"end":{"line":8,"column":32}},"loc":{"start":{"line":8,"column":46},"end":{"line":23,"column":5}},"line":8},"3":{"name":"(anonymous_3)","decl":{"start":{"line":14,"column":31},"end":{"line":14,"column":32}},"loc":{"start":{"line":14,"column":39},"end":{"line":20,"column":9}},"line":14}},"branchMap":{"0":{"loc":{"start":{"line":9,"column":6},"end":{"line":22,"column":7}},"type":"if","locations":[{"start":{"line":9,"column":6},"end":{"line":22,"column":7}},{"start":{"line":9,"column":6},"end":{"line":22,"column":7}}],"line":9},"1":{"loc":{"start":{"line":9,"column":10},"end":{"line":9,"column":35}},"type":"binary-expr","locations":[{"start":{"line":9,"column":10},"end":{"line":9,"column":13}},{"start":{"line":9,"column":17},"end":{"line":9,"column":35}}],"line":9}},"s":{"0":1,"1":1,"2":2,"3":2,"4":2,"5":2,"6":2,"7":2,"8":1,"9":1,"10":1,"11":3,"12":3,"13":3,"14":3,"15":1,"16":1},"f":{"0":2,"1":2,"2":2,"3":3},"b":{"0":[1,1],"1":[2,1]},"_coverageSchema":"332fd63041d2c1bcb487cc26dd0d5f7d97098a6c","hash":"85741913fcd254939a53c3f4dfa11974b856bead"}
}
