{"H:\\Users\\let_l\\sap003-git\\SAP003-md-links\\lib\\index.js": {"path":"H:\\Users\\let_l\\sap003-git\\SAP003-md-links\\lib\\index.js","statementMap":{"0":{"start":{"line":1,"column":11},"end":{"line":1,"column":24}},"1":{"start":{"line":3,"column":16},"end":{"line":30,"column":1}},"2":{"start":{"line":4,"column":16},"end":{"line":4,"column":37}},"3":{"start":{"line":5,"column":20},"end":{"line":5,"column":24}},"4":{"start":{"line":6,"column":20},"end":{"line":6,"column":24}},"5":{"start":{"line":7,"column":2},"end":{"line":29,"column":5}},"6":{"start":{"line":8,"column":4},"end":{"line":28,"column":7}},"7":{"start":{"line":9,"column":6},"end":{"line":27,"column":7}},"8":{"start":{"line":10,"column":8},"end":{"line":10,"column":54}},"9":{"start":{"line":11,"column":8},"end":{"line":11,"column":20}},"10":{"start":{"line":12,"column":8},"end":{"line":12,"column":24}},"11":{"start":{"line":18,"column":20},"end":{"line":18,"column":37}},"12":{"start":{"line":19,"column":23},"end":{"line":25,"column":10}},"13":{"start":{"line":20,"column":26},"end":{"line":20,"column":40}},"14":{"start":{"line":21,"column":23},"end":{"line":21,"column":56}},"15":{"start":{"line":22,"column":23},"end":{"line":22,"column":56}},"16":{"start":{"line":23,"column":25},"end":{"line":23,"column":43}},"17":{"start":{"line":24,"column":10},"end":{"line":24,"column":44}},"18":{"start":{"line":26,"column":8},"end":{"line":26,"column":24}},"19":{"start":{"line":31,"column":0},"end":{"line":31,"column":25}}},"fnMap":{"0":{"name":"(anonymous_0)","decl":{"start":{"line":3,"column":16},"end":{"line":3,"column":17}},"loc":{"start":{"line":3,"column":34},"end":{"line":30,"column":1}},"line":3},"1":{"name":"(anonymous_1)","decl":{"start":{"line":7,"column":21},"end":{"line":7,"column":22}},"loc":{"start":{"line":7,"column":42},"end":{"line":29,"column":3}},"line":7},"2":{"name":"(anonymous_2)","decl":{"start":{"line":8,"column":31},"end":{"line":8,"column":32}},"loc":{"start":{"line":8,"column":46},"end":{"line":28,"column":5}},"line":8},"3":{"name":"(anonymous_3)","decl":{"start":{"line":19,"column":31},"end":{"line":19,"column":32}},"loc":{"start":{"line":19,"column":39},"end":{"line":25,"column":9}},"line":19}},"branchMap":{"0":{"loc":{"start":{"line":9,"column":6},"end":{"line":27,"column":7}},"type":"if","locations":[{"start":{"line":9,"column":6},"end":{"line":27,"column":7}},{"start":{"line":9,"column":6},"end":{"line":27,"column":7}}],"line":9}},"s":{"0":1,"1":1,"2":1,"3":1,"4":1,"5":1,"6":1,"7":1,"8":0,"9":0,"10":0,"11":1,"12":1,"13":3,"14":3,"15":3,"16":3,"17":3,"18":1,"19":1},"f":{"0":1,"1":1,"2":1,"3":3},"b":{"0":[0,1]},"_coverageSchema":"332fd63041d2c1bcb487cc26dd0d5f7d97098a6c","hash":"07b40a13f405632d5442164a20917081539d9ddf"}
}
